2024-09-26 13:51:54,628 INFO o.a.j.u.JMeterUtils: Setting Locale to en_US
2024-09-26 13:51:54,639 INFO o.a.j.JMeter: Loading user properties from: /home/daniel413x/.bzt/jmeter-taurus/5.5/bin/user.properties
2024-09-26 13:51:54,639 INFO o.a.j.JMeter: Loading system properties from: /home/daniel413x/.bzt/jmeter-taurus/5.5/bin/system.properties
2024-09-26 13:51:54,639 INFO o.a.j.JMeter: Loading additional properties from: /home/daniel413x/java/skillstorm/buddy/services/Budget-Buddy-PerformanceTests/2024-09-26_13-51-51.211534/jmeter-bzt.properties
2024-09-26 13:51:54,643 INFO o.a.j.JMeter: Copyright (c) 1998-2022 The Apache Software Foundation
2024-09-26 13:51:54,643 INFO o.a.j.JMeter: Version 5.5
2024-09-26 13:51:54,643 INFO o.a.j.JMeter: java.version=17.0.12
2024-09-26 13:51:54,643 INFO o.a.j.JMeter: java.vm.name=OpenJDK 64-Bit Server VM
2024-09-26 13:51:54,643 INFO o.a.j.JMeter: os.name=Linux
2024-09-26 13:51:54,643 INFO o.a.j.JMeter: os.arch=amd64
2024-09-26 13:51:54,643 INFO o.a.j.JMeter: os.version=6.8.0-40-generic
2024-09-26 13:51:54,643 INFO o.a.j.JMeter: file.encoding=UTF-8
2024-09-26 13:51:54,643 INFO o.a.j.JMeter: java.awt.headless=true
2024-09-26 13:51:54,643 INFO o.a.j.JMeter: Max memory     =8355053568
2024-09-26 13:51:54,643 INFO o.a.j.JMeter: Available Processors =16
2024-09-26 13:51:54,647 INFO o.a.j.JMeter: Default Locale=English (United States)
2024-09-26 13:51:54,647 INFO o.a.j.JMeter: JMeter  Locale=English (United States)
2024-09-26 13:51:54,647 INFO o.a.j.JMeter: JMeterHome=/home/daniel413x/.bzt/jmeter-taurus/5.5
2024-09-26 13:51:54,647 INFO o.a.j.JMeter: user.dir  =/home/daniel413x/java/skillstorm/buddy/services/Budget-Buddy-PerformanceTests
2024-09-26 13:51:54,647 INFO o.a.j.JMeter: PWD       =/home/daniel413x/java/skillstorm/buddy/services/Budget-Buddy-PerformanceTests
2024-09-26 13:51:54,674 INFO o.a.j.JMeter: IP: 192.168.0.8 Name: xubuntu FullName: xubuntu
2024-09-26 13:51:54,674 INFO o.a.j.JMeter: user.classpath=/home/daniel413x/java/skillstorm/buddy/services/Budget-Buddy-PerformanceTests/2024-09-26_13-51-51.211534:/home/daniel413x/java/skillstorm/buddy/services/Budget-Buddy-PerformanceTests/Load Testing
2024-09-26 13:51:54,674 INFO o.a.j.JMeter: Adding to classpath and loader: /home/daniel413x/java/skillstorm/buddy/services/Budget-Buddy-PerformanceTests/2024-09-26_13-51-51.211534
2024-09-26 13:51:54,676 INFO o.a.j.JMeter: Adding to classpath and loader: /home/daniel413x/java/skillstorm/buddy/services/Budget-Buddy-PerformanceTests/Load Testing
2024-09-26 13:51:54,691 INFO o.a.j.s.FileServer: Default base='/home/daniel413x/java/skillstorm/buddy/services/Budget-Buddy-PerformanceTests'
2024-09-26 13:51:54,691 INFO o.a.j.s.FileServer: Set new base='/home/daniel413x/java/skillstorm/buddy/services/Budget-Buddy-PerformanceTests/Load Testing'
2024-09-26 13:51:54,809 INFO o.a.j.s.SaveService: Testplan (JMX) version: 2.2. Testlog (JTL) version: 2.2
2024-09-26 13:51:54,826 INFO o.a.j.s.SaveService: Using SaveService properties version 5.0
2024-09-26 13:51:54,829 INFO o.a.j.s.SaveService: Using SaveService properties file encoding UTF-8
2024-09-26 13:51:54,830 INFO o.a.j.s.SaveService: Loading file: /home/daniel413x/java/skillstorm/buddy/services/Budget-Buddy-PerformanceTests/Load Testing/modified_UserService_Load.jmx
2024-09-26 13:51:54,847 INFO o.a.j.p.h.c.CookieManager: Settings: Delete null: true Check: true Allow variable: true Save: false Prefix: COOKIE_
2024-09-26 13:51:54,857 INFO o.a.j.p.h.s.HTTPSamplerBase: Parser for text/html is org.apache.jmeter.protocol.http.parser.LagartoBasedHtmlParser
2024-09-26 13:51:54,857 INFO o.a.j.p.h.s.HTTPSamplerBase: Parser for application/xhtml+xml is org.apache.jmeter.protocol.http.parser.LagartoBasedHtmlParser
2024-09-26 13:51:54,857 INFO o.a.j.p.h.s.HTTPSamplerBase: Parser for application/xml is org.apache.jmeter.protocol.http.parser.LagartoBasedHtmlParser
2024-09-26 13:51:54,857 INFO o.a.j.p.h.s.HTTPSamplerBase: Parser for text/xml is org.apache.jmeter.protocol.http.parser.LagartoBasedHtmlParser
2024-09-26 13:51:54,857 INFO o.a.j.p.h.s.HTTPSamplerBase: Parser for text/vnd.wap.wml is org.apache.jmeter.protocol.http.parser.RegexpHTMLParser
2024-09-26 13:51:54,857 INFO o.a.j.p.h.s.HTTPSamplerBase: Parser for text/css is org.apache.jmeter.protocol.http.parser.CssParser
2024-09-26 13:51:54,885 INFO o.a.j.e.StandardJMeterEngine: Running the test!
2024-09-26 13:51:54,886 INFO o.a.j.s.SampleEvent: List of sample_variables: []
2024-09-26 13:51:54,886 INFO o.a.j.s.SampleEvent: List of sample_variables: []
2024-09-26 13:51:54,888 INFO o.a.j.e.u.CompoundVariable: Note: Function class names must contain the string: '.functions.'
2024-09-26 13:51:54,889 INFO o.a.j.e.u.CompoundVariable: Note: Function class names must not contain the string: '.gui.'
2024-09-26 13:51:54,941 INFO o.a.j.JMeter: Running test (1727373114941)
2024-09-26 13:51:54,953 INFO o.a.j.e.StandardJMeterEngine: Starting ThreadGroup: 1 : Thread Group
2024-09-26 13:51:54,954 INFO o.a.j.e.StandardJMeterEngine: Starting 1 threads for group Thread Group.
2024-09-26 13:51:54,954 INFO o.a.j.e.StandardJMeterEngine: Thread will continue on error
2024-09-26 13:51:54,954 INFO o.a.j.t.ThreadGroup: Starting thread group... number=1 threads=1 ramp-up=0 delayedStart=false
2024-09-26 13:51:54,956 INFO o.a.j.t.ThreadGroup: Started thread group number 1
2024-09-26 13:51:54,956 INFO o.a.j.e.StandardJMeterEngine: All thread groups have been started
2024-09-26 13:51:54,958 INFO o.a.j.t.JMeterThread: Thread started: Thread Group 1-1
2024-09-26 13:51:54,969 INFO o.a.j.p.h.s.HTTPHCAbstractImpl: Local host = xubuntu
2024-09-26 13:51:54,973 INFO o.a.j.p.h.s.HTTPHC4Impl: HTTP request retry count = 0
2024-09-26 13:51:54,974 INFO o.a.j.s.SampleResult: Note: Sample TimeStamps are START times
2024-09-26 13:51:54,974 INFO o.a.j.s.SampleResult: sampleresult.default.encoding is set to UTF-8
2024-09-26 13:51:54,974 INFO o.a.j.s.SampleResult: sampleresult.useNanoTime=true
2024-09-26 13:51:54,974 INFO o.a.j.s.SampleResult: sampleresult.nanoThreadSleep=5000
2024-09-26 13:51:55,157 INFO o.a.j.t.JMeterThread: Thread is done: Thread Group 1-1
2024-09-26 13:51:55,157 INFO o.a.j.t.JMeterThread: Thread finished: Thread Group 1-1
2024-09-26 13:51:55,157 INFO o.a.j.e.StandardJMeterEngine: Notifying test listeners of end of test
2024-09-26 13:51:55,158 INFO o.a.j.e.StandardJMeterEngine: Forced JVM shutdown requested at end of test
